<?xml version="1.0" encoding="UTF-8"?>
<!-- Generated by org.testng.reporters.JUnitReportReporter -->
<testsuite skipped="0" hostname="MAA-5CG71202T6" name="com.Google.TestCases.LoginTest" tests="1" failures="0" timestamp="2019-12-19T23:44:18 IST" time="15.361" errors="0">
  <testcase name="testlogin" time="15.361" classname="com.Google.TestCases.LoginTest"/>
</testsuite> <!-- com.Google.TestCases.LoginTest -->
